<?xml version="1.0" encoding="UTF-8" standalone="no"?>
<testsuite errors="0" failures="0" name="io.cucumber.core.plugin.JUnitFormatter" skipped="0" tests="1" time="48.818">
    <testcase classname="Ecommerce Application" name="Product Page" time="48.396">
        <system-out><![CDATA[Given User Launch The Website...............................................passed
When Take The Count Of The Product Shown In The Page........................passed
And Checks The Count Shown On Top Of The Page and Print As String...........passed
And Converts The Count From StringValue To IntegerValue and Prints..........passed
Then Verify The Count and Prints............................................passed
]]></system-out>
    </testcase>
</testsuite>
